<?xml version="1.0" encoding="UTF-8"?>
<testng-results ignored="0" total="2" passed="2" failed="0" skipped="0">
  <reporter-output>
  </reporter-output>
  <suite started-at="2021-12-28T07:31:51Z" name="Suite" finished-at="2021-12-28T07:31:54Z" duration-ms="2855">
    <groups>
    </groups>
    <test started-at="2021-12-28T07:31:51Z" name="Test" finished-at="2021-12-28T07:31:54Z" duration-ms="2855">
      <class name="RestAPI.GetRequest">
        <test-method signature="GetCall()[pri:0, instance:RestAPI.GetRequest@56c4278e]" started-at="2021-12-28T07:31:51Z" name="GetCall" finished-at="2021-12-28T07:31:54Z" duration-ms="2385" status="PASS">
          <reporter-output>
          </reporter-output>
        </test-method> <!-- GetCall -->
      </class> <!-- RestAPI.GetRequest -->
      <class name="RestAPI.PostRequest">
        <test-method signature="PostCall()[pri:0, instance:RestAPI.PostRequest@301eda63]" started-at="2021-12-28T07:31:54Z" name="PostCall" finished-at="2021-12-28T07:31:54Z" duration-ms="429" status="PASS">
          <reporter-output>
          </reporter-output>
        </test-method> <!-- PostCall -->
      </class> <!-- RestAPI.PostRequest -->
    </test> <!-- Test -->
  </suite> <!-- Suite -->
</testng-results>
